<?xml version="1.0" encoding="UTF-8"?>
<!-- Generated by org.testng.reporters.JUnitReportReporter -->
<testsuite skipped="0" hostname="DESKTOP-UDEPHFU" name="com.nopcommerce.AppTest" tests="1" failures="0" timestamp="27 Nov 2021 18:03:49 GMT" time="0.024" errors="0">
  <testcase name="shouldAnswerWithTrue" time="0.024" classname="com.nopcommerce.AppTest"/>
</testsuite> <!-- com.nopcommerce.AppTest -->
